<?xml version="1.0" encoding="UTF-8"?>
<testsuite xmlns:xsi="http://www.w3.org/2001/XMLSchema-instance" xsi:noNamespaceSchemaLocation="https://maven.apache.org/surefire/maven-surefire-plugin/xsd/surefire-test-report-3.0.xsd" version="3.0" name="com.project.PFEBackEnd.PfeBackEndApplicationTests" time="12.353" tests="1" errors="0" skipped="0" failures="0">
  <properties>
[...]
</properties>
  <testcase name="contextLoads" classname="com.project.PFEBackEnd.PfeBackEndApplicationTests" time="0.799">
    <system-out><![CDATA[12:51:12.151 [main] INFO org.springframework.test.context.support.AnnotationConfigContextLoaderUtils -- Could not detect default configuration classes for test class [com.project.PFEBackEnd.PfeBackEndApplicationTests]: PfeBackEndApplicationTests does not declare any static, non-private, non-final, nested classes annotated with @Configuration.
12:51:12.308 [main] INFO org.springframework.boot.test.context.SpringBootTestContextBootstrapper -- Found @SpringBootConfiguration com.project.PFEBackEnd.PfeBackEndApplication for test class com.project.PFEBackEnd.PfeBackEndApplicationTests
12:51:12.623 [main] INFO org.springframework.boot.devtools.restart.RestartApplicationListener -- Restart disabled due to context in which it is running

  .   ____          _            __ _ _
 /\\ / ___'_ __ _ _(_)_ __  __ _ \ \ \ \
( ( )\___ | '_ | '_| | '_ \/ _` | \ \ \ \
 \\/  ___)| |_)| | | | | || (_| |  ) ) ) )
  '  |____| .__|_| |_|_| |_\__, | / / / /
 =========|_|==============|___/=/_/_/_/
 :: Spring Boot ::                (v3.1.8)

2024-05-16T12:51:13.061+02:00  INFO 11612 --- [           main] c.p.P.PfeBackEndApplicationTests         : Starting PfeBackEndApplicationTests using Java 20.0.2 with PID 11612 (started by Nouur in C:\Users\Nouur\Desktop\toLouay\toLouay\spring)
2024-05-16T12:51:13.063+02:00  INFO 11612 --- [           main] c.p.P.PfeBackEndApplicationTests         : No active profile set, falling back to 1 default profile: "default"
2024-05-16T12:51:14.563+02:00  INFO 11612 --- [           main] .s.d.r.c.RepositoryConfigurationDelegate : Multiple Spring Data modules found, entering strict repository configuration mode
2024-05-16T12:51:14.565+02:00  INFO 11612 --- [           main] .s.d.r.c.RepositoryConfigurationDelegate : Bootstrapping Spring Data JDBC repositories in DEFAULT mode.
2024-05-16T12:51:14.626+02:00  INFO 11612 --- [           main] .RepositoryConfigurationExtensionSupport : Spring Data JDBC - Could not safely identify store assignment for repository candidate interface com.project.PFEBackEnd.repositories.AffectationRepository; If you want this repository to be a JDBC repository, consider annotating your entities with one of these annotations: org.springframework.data.relational.core.mapping.Table.
2024-05-16T12:51:14.630+02:00  INFO 11612 --- [           main] .RepositoryConfigurationExtensionSupport : Spring Data JDBC - Could not safely identify store assignment for repository candidate interface com.project.PFEBackEnd.repositories.DemandeRepository; If you want this repository to be a JDBC repository, consider annotating your entities with one of these annotations: org.springframework.data.relational.core.mapping.Table.
2024-05-16T12:51:14.633+02:00  INFO 11612 --- [           main] .RepositoryConfigurationExtensionSupport : Spring Data JDBC - Could not safely identify store assignment for repository candidate interface com.project.PFEBackEnd.repositories.DeviceRepository; If you want this repository to be a JDBC repository, consider annotating your entities with one of these annotations: org.springframework.data.relational.core.mapping.Table.
2024-05-16T12:51:14.635+02:00  INFO 11612 --- [           main] .RepositoryConfigurationExtensionSupport : Spring Data JDBC - Could not safely identify store assignment for repository candidate interface com.project.PFEBackEnd.repositories.HistoryRepository; If you want this repository to be a JDBC repository, consider annotating your entities with one of these annotations: org.springframework.data.relational.core.mapping.Table.
2024-05-16T12:51:14.640+02:00  INFO 11612 --- [           main] .RepositoryConfigurationExtensionSupport : Spring Data JDBC - Could not safely identify store assignment for repository candidate interface com.project.PFEBackEnd.repositories.MessageRepository; If you want this repository to be a JDBC repository, consider annotating your entities with one of these annotations: org.springframework.data.relational.core.mapping.Table.
2024-05-16T12:51:14.643+02:00  INFO 11612 --- [           main] .RepositoryConfigurationExtensionSupport : Spring Data JDBC - Could not safely identify store assignment for repository candidate interface com.project.PFEBackEnd.repositories.ReclamationRepository; If you want this repository to be a JDBC repository, consider annotating your entities with one of these annotations: org.springframework.data.relational.core.mapping.Table.
2024-05-16T12:51:14.645+02:00  INFO 11612 --- [           main] .RepositoryConfigurationExtensionSupport : Spring Data JDBC - Could not safely identify store assignment for repository candidate interface com.project.PFEBackEnd.repositories.UserRepository; If you want this repository to be a JDBC repository, consider annotating your entities with one of these annotations: org.springframework.data.relational.core.mapping.Table.
2024-05-16T12:51:14.645+02:00  INFO 11612 --- [           main] .s.d.r.c.RepositoryConfigurationDelegate : Finished Spring Data repository scanning in 75 ms. Found 0 JDBC repository interfaces.
2024-05-16T12:51:14.661+02:00  INFO 11612 --- [           main] .s.d.r.c.RepositoryConfigurationDelegate : Multiple Spring Data modules found, entering strict repository configuration mode
2024-05-16T12:51:14.662+02:00  INFO 11612 --- [           main] .s.d.r.c.RepositoryConfigurationDelegate : Bootstrapping Spring Data JPA repositories in DEFAULT mode.
2024-05-16T12:51:14.748+02:00  INFO 11612 --- [           main] .s.d.r.c.RepositoryConfigurationDelegate : Finished Spring Data repository scanning in 80 ms. Found 7 JPA repository interfaces.
2024-05-16T12:51:15.617+02:00  INFO 11612 --- [           main] o.hibernate.jpa.internal.util.LogHelper  : HHH000204: Processing PersistenceUnitInfo [name: default]
2024-05-16T12:51:15.703+02:00  INFO 11612 --- [           main] org.hibernate.Version                    : HHH000412: Hibernate ORM core version 6.2.20.Final
2024-05-16T12:51:15.706+02:00  INFO 11612 --- [           main] org.hibernate.cfg.Environment            : HHH000406: Using bytecode reflection optimizer
2024-05-16T12:51:16.292+02:00  INFO 11612 --- [           main] o.s.o.j.p.SpringPersistenceUnitInfo      : No LoadTimeWeaver setup: ignoring JPA class transformer
2024-05-16T12:51:16.360+02:00  INFO 11612 --- [           main] com.zaxxer.hikari.HikariDataSource       : HikariPool-1 - Starting...
2024-05-16T12:51:16.882+02:00  INFO 11612 --- [           main] com.zaxxer.hikari.pool.HikariPool        : HikariPool-1 - Added connection com.mysql.cj.jdbc.ConnectionImpl@7b3feb26
2024-05-16T12:51:16.885+02:00  INFO 11612 --- [           main] com.zaxxer.hikari.HikariDataSource       : HikariPool-1 - Start completed.
2024-05-16T12:51:18.615+02:00  INFO 11612 --- [           main] o.h.e.t.j.p.i.JtaPlatformInitiator       : HHH000489: No JTA platform available (set 'hibernate.transaction.jta.platform' to enable JTA platform integration)
Hibernate: create table affectation (id bigint not null auto_increment, date_affect datetime(6), date_retour datetime(6), device_id bigint, utilisateur_id bigint, primary key (id)) engine=InnoDB
Hibernate: create table demande (id bigint not null auto_increment, date_demande datetime(6), date_update datetime(6), description varchar(1000), device_type enum ('Casque','Chaise','Clavier','Ecran','Hub','PC','Sac_a_Dos','Souris','YubiKey'), statut enum ('APPROUVED','CLOS','INPROGRESS','OPEN','REFUSED'), titre varchar(255), utilisateur_id bigint, primary key (id)) engine=InnoDB
Hibernate: create table device (id bigint not null auto_increment, category enum ('Casque','Chaise','Clavier','Ecran','Hub','PC','Sac_a_Dos','Souris','YubiKey'), device_name varchar(255), serial_number varchar(255), statut enum ('Disponible','EN_PANNE','En_Cours_De_Preparation','OCCUPEE'), primary key (id)) engine=InnoDB
Hibernate: create table historique_update_user_details (id bigint not null auto_increment, hiring_date datetime(6), email varchar(255), first_name varchar(255), last_name varchar(255), password varchar(255), phone_number varchar(255), role enum ('ADMIN','MANAGER','USER'), update_date datetime(6), user_name varchar(255), manager_id bigint, utilisateur_id bigint, primary key (id)) engine=InnoDB
Hibernate: create table messages (id bigint not null auto_increment, content varchar(255), date_envoie datetime(6), lu bit, receiver_id bigint, sender_id bigint, primary key (id)) engine=InnoDB
Hibernate: create table reclamation (id bigint not null auto_increment, date_reclamation datetime(6), date_update datetime(6), description varchar(1000), statut enum ('CLOS','INPROGRESS','NOTPROCESSED','OPEN','PROCESSED'), titre varchar(255), device_id bigint, utilisateur_id bigint, primary key (id)) engine=InnoDB
Hibernate: create table utilisateur (id bigint not null auto_increment, hiring_date datetime(6), access bit, departure_date datetime(6), email varchar(255), first_name varchar(255), last_name varchar(255), password varchar(255), phone_number varchar(255), role enum ('ADMIN','MANAGER','USER'), user_name varchar(255), manager bigint, primary key (id)) engine=InnoDB
Hibernate: alter table device drop index UK_4776vaiywo1kdis4lp8jkm0av
Hibernate: alter table device add constraint UK_4776vaiywo1kdis4lp8jkm0av unique (serial_number)
Hibernate: alter table affectation add constraint FKauig0m0hr66kx0jyw9p1y3i0l foreign key (device_id) references device (id)
Hibernate: alter table affectation add constraint FK26mtlkcdvse2ce2jie2fsv29u foreign key (utilisateur_id) references utilisateur (id)
Hibernate: alter table demande add constraint FKhdkthdysq1tt65idh25fimwa0 foreign key (utilisateur_id) references utilisateur (id)
Hibernate: alter table historique_update_user_details add constraint FKllcb3fm88ouaccdu1yxdf4ufo foreign key (manager_id) references utilisateur (id)
Hibernate: alter table historique_update_user_details add constraint FKleve9xopkq3dwfo1o2j0h7u77 foreign key (utilisateur_id) references utilisateur (id)
Hibernate: alter table messages add constraint FKie7i9odbyd6tdrt251on9ni2u foreign key (receiver_id) references utilisateur (id)
Hibernate: alter table messages add constraint FKodwd5lvrenuxl1up7ghieyudp foreign key (sender_id) references utilisateur (id)
Hibernate: alter table reclamation add constraint FK9o3kx3ynkm15iv2a6ov38tgpf foreign key (device_id) references device (id)
Hibernate: alter table reclamation add constraint FKbi2r9okaalw97vrtnqjjg387r foreign key (utilisateur_id) references utilisateur (id)
Hibernate: alter table utilisateur add constraint FKsy3vuut3pse57684aox409lu9 foreign key (manager) references utilisateur (id)
2024-05-16T12:51:20.226+02:00  INFO 11612 --- [           main] j.LocalContainerEntityManagerFactoryBean : Initialized JPA EntityManagerFactory for persistence unit 'default'
2024-05-16T12:51:20.865+02:00  INFO 11612 --- [           main] o.s.d.j.r.query.QueryEnhancerFactory     : Hibernate is in classpath; If applicable, HQL parser will be used.
2024-05-16T12:51:22.111+02:00  WARN 11612 --- [           main] JpaBaseConfiguration$JpaWebConfiguration : spring.jpa.open-in-view is enabled by default. Therefore, database queries may be performed during view rendering. Explicitly configure spring.jpa.open-in-view to disable this warning
2024-05-16T12:51:22.639+02:00  INFO 11612 --- [           main] o.s.s.web.DefaultSecurityFilterChain     : Will secure any request with [org.springframework.security.web.session.DisableEncodeUrlFilter@2ac42ce6, org.springframework.security.web.context.request.async.WebAsyncManagerIntegrationFilter@4fa78886, org.springframework.security.web.context.SecurityContextHolderFilter@6d2fe236, org.springframework.security.web.header.HeaderWriterFilter@6ce07db6, org.springframework.security.web.authentication.logout.LogoutFilter@29b78b34, com.project.PFEBackEnd.filter.JwtFilter@1ca876b7, org.springframework.security.web.savedrequest.RequestCacheAwareFilter@1e4d3c2e, org.springframework.security.web.servletapi.SecurityContextHolderAwareRequestFilter@4b13aca4, org.springframework.security.web.authentication.AnonymousAuthenticationFilter@2a4d34b2, org.springframework.security.web.session.SessionManagementFilter@62ccf42c, org.springframework.security.web.access.ExceptionTranslationFilter@f25106c, org.springframework.security.web.access.intercept.AuthorizationFilter@17fe4f0f]
2024-05-16T12:51:23.393+02:00  INFO 11612 --- [           main] c.p.P.PfeBackEndApplicationTests         : Started PfeBackEndApplicationTests in 10.799 seconds (process running for 12.382)
]]></system-out>
  </testcase>
</testsuite>